
> next-netlify-platform-starter@0.1.0 build
> next build

   ▲ Next.js 15.3.1

   Creating an optimized production build ...
 ✓ Compiled successfully in 9.0s
   Linting and checking validity of types ...
   Collecting page data ...
   Generating static pages (0/7) ...
   Generating static pages (1/7) 
   Generating static pages (3/7) 
   Generating static pages (5/7) 
 ✓ Generating static pages (7/7)
   Finalizing page optimization ...
   Collecting build traces ...

Route (app)                                 Size  First Load JS
┌ ○ /                                     1.5 kB         103 kB
├ ○ /_not-found                            977 B         102 kB
├ ○ /neoflix                               142 B         101 kB
├ ○ /publications                          142 B         101 kB
└ ○ /toolbox                               142 B         101 kB
+ First Load JS shared by all             101 kB
  ├ chunks/4bd1b696-fc09fd79feedbf53.js  53.2 kB
  ├ chunks/684-92b6c084a7162ab3.js       45.9 kB
  └ other shared chunks (total)          2.01 kB


○  (Static)  prerendered as static content

